Arguments: 
  C:\Program Files\nodejs\node.exe C:\Users\LENOVO\AppData\Roaming\npm\node_modules\yarn\bin\yarn.js add express --save

PATH: 
  G:\app\LENOVO\product\11.2.0\dbhome_1\bin;C:\Program Files\nodejs\;C:\Program Files\Java\jdk-13.0.1\bin;C:\Users\LENOVO\AppData\Local\Programs\Python\Python38-32\Scripts;C:\Program Files\Microsoft SQL Server\Client SDK\ODBC\130\Tools\Binn\;C:\Program Files\Microsoft SQL Server\140\DTS\Binn\;"C:\Users\LENOVO\AppData\Local\Programs\Python\Python38-32\Scripts\;C:\Program Files\MongoDB\Server\4.2\bin;C:\Users\LENOVO\AppData\Roaming\npm";C:\Users\LENOVO\AppData\Local\Programs\Python\Python38-32\;C:\Program Files\Java\jdk1.8.0_151\bin;.;C:\Users\LENOVO\AppData\Local\Microsoft\WindowsApps;C:\Users\LENOVO\AppData\Roaming\Composer\vendor\bin;C:\Program Files\MongoDB\Server\4.2\bin;C:\Users\LENOVO\AppData\Roaming\npm

Yarn version: 
  1.21.1

Node version: 
  12.14.0

Platform: 
  win32 x64

Trace: 
  Error: https://registry.npmjs.org/express: tunneling socket could not be established, cause=connect ECONNREFUSED 127.0.0.1:80
      at ClientRequest.onError (C:\Users\LENOVO\AppData\Roaming\npm\node_modules\yarn\lib\cli.js:152151:17)
      at Object.onceWrapper (events.js:300:26)
      at ClientRequest.emit (events.js:210:5)
      at Socket.socketErrorListener (_http_client.js:406:9)
      at Socket.emit (events.js:210:5)
      at emitErrorNT (internal/streams/destroy.js:92:8)
      at emitErrorAndCloseNT (internal/streams/destroy.js:60:3)
      at processTicksAndRejections (internal/process/task_queues.js:80:21)

npm manifest: 
  No manifest

yarn manifest: 
  No manifest

Lockfile: 
  No lockfile
